12
5
25
23
22
1
35
71
30
121
122
100
17
4
14
42
14
20
36
9
190
3
10
134
53
78
22
4
3
20
30
67
2
87
61
14
13
77
39
44
32
38
2
0
61
118
154
33
8
12
73
3
19
60
0
12
1
7
18
135
78
11
4
8
4
37
46
30
3
5
9
29
5
32
89
14
123
25
14
129
1
33
25
60
47
45
13
6
98
42
10
19
28
138
47
0
84
51
36
1
183
35
66
65
125
14
58
5
0
3
1
0
21
12
66
16
140
60
72
67
181
6
105
4
2
22
8
0
3
10
68
5
68
7
3
52
2
43
1
9
3
22
2
14
66
12
46
38
9
3
17
27
0
6
2
1
9
122
17
81
13
48
6
0
19
88
89
5
6
38
36
45
52
13
5
4
1
7
286
2
0
0
18
22
36
60
4
53
72
36
227
103
1
67
80
67
17
242
39
38
6
12
2
42
55
29
12
33
3
5
5
17
34
2
17
143
3
2
105
77
1
8
20
93
65
30
154
4
28
0
72
2
12
2
23
27
65
78
48
132
0
0
44
45
132
82
141
24
8
20
39
18
74
1
5
241
52
20
37
75
10
2
3
75
210
26
21
99
5
57
126
38
39
53
2
10
191
22
0
31
21
5
33
37
106
9
9
132
132
5
42
0
83
18
32
3
150
4
13
27
18
74
9
35
148
67
31
31
3
1
8
0
32
1
0
54
11
4
6
57
53
19
18
73
1
227
0
3
74
36
10
20
38
14
13
147
6
164
34
229
70
28
109
50
36
37
74
123
11
9
9
28
66
1
13
282
19
22
0
39
8
11
44
116
0
51
41
66
34
4
108
150
18
193
101
12
24
2
3
104
9
9
15
16
0
9
103
44
2
4
3
11
2
9
27
0
55
4
61
4
2
44
4
20
97
3
14
68
0
13
32
50
0
12
2
17
5
3
5
37
6
40
151
75
2
31
22
95
61
26
3
65
4
12
24
53
30
80
37
59
11
48
143
14
10
214
18
24
17
5
28
17
68
8
28
110
5
48
133
75
14
12
40
13
49
11
15
0
46
6
19
83
73
6
4
35
162
1
8
24
38
5
18
25
52
73
102
57
151
25
14
52
23
8
5
113
15
36
31
32
2
218
63
4
19
4
36
33
46
8
3
167
127
98
154
33
1
181
53
17
34
12
12
53
117
33
351
1
81
2
62
7
92
54
6
70
200
45
49
27
26
2
4
5
47
12
0
8
67
39
43
20
41
31
18
1
4
5
9
28
43
33
25
24
4
113
17
34
108
31
78
9
71
12
8
40
229
68
9
29
53
180
81
17
55
15
17
63
135
132
131
19
172
17
17
26
46
2
8
48
1
92
7
16
0
41
40
76
8
59
122
0
7
1
57
20
63
11
128
24
37
54
0
208
6
44
28
49
31
0
49
20
2
5
47
110
3
118
51
63
15
76
100
3
40
37
71
5
36
63
43
11
16
27
68
13
12
8
41
50
3
61
12
132
59
146
4
104
66
61
64
89
4
60
75
125
7
119
1
9
30
3
1
28
83
2
0
68
0
8
5
41
7
14
7
82
2
11
19
90
0
95
98
18
3
61
108
27
12
0
10
5
80
40
10
5
10
5
135
1
97
49
33
5
1
39
1
86
58
41
50
22
24
10
5
32
6
15
5
84
25
2
56
25
70
0
26
59
29
69
3
44
2
7
4
37
20
19
41
12
0
19
42
16
5
10
4
3
34
18
19
55
0
7
4
1
124
73
5
57
26
43
19
63
17
154
116
67
0
12
67
23
25
13
0
186
10
9
2
9
205
11
82
55
44
12
8
44
77
39
78
20
1
3
2
2
14
1
99
27
6
59
20
53
8
134
5
39
0
5
126
54
40
12
1
3
2
33
0
333
